<?xml version="1.0" encoding="UTF-8"?>
<!-- Generated by org.testng.reporters.JUnitXMLReporter -->
<testsuite ignored="0" hostname="DESKTOP-0K72I4M" failures="0" tests="4" name="MobileSortingTest" time="38.065" errors="0" timestamp="2020-12-01T19:47:35 IST">
  <testcase classname="guru99.websiteTest.MobileSortingTest" name="@BeforeMethod setup" time="37.918">
    <failure type="org.openqa.selenium.TimeoutException" message="timeout: Timed out receiving message from renderer: -0.001
  (Session info: chrome=87.0.4280.66)
Build info: version: &amp;apos;3.141.59&amp;apos;, revision: &amp;apos;e82be7d358&amp;apos;, time: &amp;apos;2018-11-14T08:17:03&amp;apos;
System info: host: &amp;apos;DESKTOP-0K72I4M&amp;apos;, ip: &amp;apos;192.168.43.37&amp;apos;, os.name: &amp;apos;Windows 10&amp;apos;, os.arch: &amp;apos;amd64&amp;apos;, os.version: &amp;apos;10.0&amp;apos;, java.version: &amp;apos;14.0.2&amp;apos;
Driver info: org.openqa.selenium.chrome.ChromeDriver
Capabilities {acceptInsecureCerts: false, browserName: chrome, browserVersion: 87.0.4280.66, chrome: {chromedriverVersion: 87.0.4280.88 (89e2380a3e36c..., userDataDir: C:\Users\siddh\AppData\Loca...}, goog:chromeOptions: {debuggerAddress: localhost:53312}, javascriptEnabled: true, networkConnectionEnabled: false, pageLoadStrategy: normal, platform: WINDOWS, platformName: WINDOWS, proxy: Proxy(), setWindowRect: true, strictFileInteractability: false, timeouts: {implicit: 0, pageLoad: 300000, script: 30000}, unhandledPromptBehavior: dismiss and notify, webauthn:virtualAuthenticators: true}
Session ID: 52ffd44d3a18352c78efb3e28edceb01">
      <![CDATA[org.openqa.selenium.TimeoutException: timeout: Timed out receiving message from renderer: -0.001
  (Session info: chrome=87.0.4280.66)
Build info: version: '3.141.59', revision: 'e82be7d358', time: '2018-11-14T08:17:03'
System info: host: 'DESKTOP-0K72I4M', ip: '192.168.43.37', os.name: 'Windows 10', os.arch: 'amd64', os.version: '10.0', java.version: '14.0.2'
Driver info: org.openqa.selenium.chrome.ChromeDriver
Capabilities {acceptInsecureCerts: false, browserName: chrome, browserVersion: 87.0.4280.66, chrome: {chromedriverVersion: 87.0.4280.88 (89e2380a3e36c..., userDataDir: C:\Users\siddh\AppData\Loca...}, goog:chromeOptions: {debuggerAddress: localhost:53312}, javascriptEnabled: true, networkConnectionEnabled: false, pageLoadStrategy: normal, platform: WINDOWS, platformName: WINDOWS, proxy: Proxy(), setWindowRect: true, strictFileInteractability: false, timeouts: {implicit: 0, pageLoad: 300000, script: 30000}, unhandledPromptBehavior: dismiss and notify, webauthn:virtualAuthenticators: true}
Session ID: 52ffd44d3a18352c78efb3e28edceb01
at org.openqa.selenium.remote.http.W3CHttpResponseCodec.createException(W3CHttpResponseCodec.java:187)
at org.openqa.selenium.remote.http.W3CHttpResponseCodec.decode(W3CHttpResponseCodec.java:122)
at org.openqa.selenium.remote.http.W3CHttpResponseCodec.decode(W3CHttpResponseCodec.java:49)
at org.openqa.selenium.remote.HttpCommandExecutor.execute(HttpCommandExecutor.java:158)
at org.openqa.selenium.remote.service.DriverCommandExecutor.execute(DriverCommandExecutor.java:83)
at org.openqa.selenium.remote.RemoteWebDriver.execute(RemoteWebDriver.java:552)
at org.openqa.selenium.remote.RemoteWebDriver.get(RemoteWebDriver.java:277)
at guru99.base.BaseTest.initialization(BaseTest.java:68)
at guru99.websiteTest.MobileSortingTest.setup(MobileSortingTest.java:26)
at java.base/java.util.ArrayList.forEach(ArrayList.java:1511)
... Removed 36 stack frames]]>
    </failure>
  </testcase> <!-- @BeforeMethod setup -->
  <testcase classname="guru99.websiteTest.MobileSortingTest" name="@AfterMethod closure" time="-1.606832255505E9">
    <skipped/>
  </testcase> <!-- @AfterMethod closure -->
  <testcase classname="guru99.websiteTest.MobileSortingTest" name="@BeforeMethod setup" time="-1.606832255513E9">
    <skipped/>
  </testcase> <!-- @BeforeMethod setup -->
  <testcase classname="guru99.websiteTest.MobileSortingTest" name="@AfterMethod closure" time="-1.606832255523E9">
    <skipped/>
  </testcase> <!-- @AfterMethod closure -->
  <testcase classname="guru99.websiteTest.MobileSortingTest" name="@BeforeMethod setup" time="-1.606832255526E9">
    <skipped/>
  </testcase> <!-- @BeforeMethod setup -->
  <testcase classname="guru99.websiteTest.MobileSortingTest" name="@AfterMethod closure" time="-1.606832255541E9">
    <skipped/>
  </testcase> <!-- @AfterMethod closure -->
  <testcase classname="guru99.websiteTest.MobileSortingTest" name="@BeforeMethod setup" time="-1.606832255544E9">
    <skipped/>
  </testcase> <!-- @BeforeMethod setup -->
  <testcase classname="guru99.websiteTest.MobileSortingTest" name="@AfterMethod closure" time="-1.606832255554E9">
    <skipped/>
  </testcase> <!-- @AfterMethod closure -->
  <testcase classname="guru99.websiteTest.MobileSortingTest" name="verifyTitleOfPageTest" time="0.0">
    <skipped/>
  </testcase> <!-- verifyTitleOfPageTest -->
  <testcase classname="guru99.websiteTest.MobileSortingTest" name="clickOnMobilemenuTest" time="0.0">
    <skipped/>
  </testcase> <!-- clickOnMobilemenuTest -->
  <testcase classname="guru99.websiteTest.MobileSortingTest" name="verifyTitleOfMobilePageTest" time="0.0">
    <skipped/>
  </testcase> <!-- verifyTitleOfMobilePageTest -->
  <testcase classname="guru99.websiteTest.MobileSortingTest" name="selectDropDownByName" time="0.0">
    <skipped/>
  </testcase> <!-- selectDropDownByName -->
</testsuite> <!-- MobileSortingTest -->
